{"C:\\Users\\mika1\\Desktop\\Mock Exam\\Backend\\app.js": {"path":"C:\\Users\\mika1\\Desktop\\Mock Exam\\Backend\\app.js","statementMap":{"0":{"start":{"line":1,"column":0},"end":{"line":1,"column":27}},"1":{"start":{"line":2,"column":16},"end":{"line":2,"column":34}},"2":{"start":{"line":3,"column":13},"end":{"line":3,"column":28}},"3":{"start":{"line":4,"column":18},"end":{"line":4,"column":40}},"4":{"start":{"line":5,"column":25},"end":{"line":5,"column":59}},"5":{"start":{"line":6,"column":22},"end":{"line":6,"column":55}},"6":{"start":{"line":7,"column":19},"end":{"line":7,"column":49}},"7":{"start":{"line":10,"column":12},"end":{"line":10,"column":21}},"8":{"start":{"line":12,"column":0},"end":{"line":12,"column":12}},"9":{"start":{"line":15,"column":0},"end":{"line":15,"column":16}},"10":{"start":{"line":16,"column":0},"end":{"line":16,"column":24}},"11":{"start":{"line":18,"column":0},"end":{"line":18,"column":40}},"12":{"start":{"line":20,"column":0},"end":{"line":20,"column":53}},"13":{"start":{"line":20,"column":27},"end":{"line":20,"column":51}},"14":{"start":{"line":22,"column":0},"end":{"line":22,"column":39}},"15":{"start":{"line":23,"column":0},"end":{"line":23,"column":34}},"16":{"start":{"line":25,"column":0},"end":{"line":25,"column":42}},"17":{"start":{"line":26,"column":0},"end":{"line":26,"column":39}},"18":{"start":{"line":28,"column":0},"end":{"line":28,"column":21}}},"fnMap":{"0":{"name":"(anonymous_0)","decl":{"start":{"line":20,"column":13},"end":{"line":20,"column":14}},"loc":{"start":{"line":20,"column":27},"end":{"line":20,"column":51}},"line":20}},"branchMap":{},"s":{"0":1,"1":1,"2":1,"3":1,"4":1,"5":1,"6":1,"7":1,"8":1,"9":1,"10":1,"11":1,"12":1,"13":0,"14":1,"15":1,"16":1,"17":1,"18":1},"f":{"0":0},"b":{},"_coverageSchema":"1a1c01bbd47fc00a2c39e90264f33305004495a9","hash":"2f91e271e1d28a731a0d3cb84b8d0997d299c296"}
,"C:\\Users\\mika1\\Desktop\\Mock Exam\\Backend\\config\\db.js": {"path":"C:\\Users\\mika1\\Desktop\\Mock Exam\\Backend\\config\\db.js","statementMap":{"0":{"start":{"line":1,"column":17},"end":{"line":1,"column":36}},"1":{"start":{"line":2,"column":0},"end":{"line":2,"column":27}},"2":{"start":{"line":5,"column":18},"end":{"line":13,"column":1}},"3":{"start":{"line":6,"column":2},"end":{"line":12,"column":3}},"4":{"start":{"line":7,"column":17},"end":{"line":7,"column":62}},"5":{"start":{"line":8,"column":4},"end":{"line":8,"column":62}},"6":{"start":{"line":10,"column":4},"end":{"line":10,"column":23}},"7":{"start":{"line":11,"column":4},"end":{"line":11,"column":20}},"8":{"start":{"line":15,"column":0},"end":{"line":15,"column":27}}},"fnMap":{"0":{"name":"(anonymous_0)","decl":{"start":{"line":5,"column":18},"end":{"line":5,"column":19}},"loc":{"start":{"line":5,"column":30},"end":{"line":13,"column":1}},"line":5}},"branchMap":{},"s":{"0":1,"1":1,"2":1,"3":1,"4":1,"5":1,"6":0,"7":0,"8":1},"f":{"0":1},"b":{},"_coverageSchema":"1a1c01bbd47fc00a2c39e90264f33305004495a9","hash":"a7e40a6c747fae8364cd8615f70cdb8a5bfc59f7"}
,"C:\\Users\\mika1\\Desktop\\Mock Exam\\Backend\\controllers\\fitnessController.js": {"path":"C:\\Users\\mika1\\Desktop\\Mock Exam\\Backend\\controllers\\fitnessController.js","statementMap":{"0":{"start":{"line":1,"column":17},"end":{"line":1,"column":36}},"1":{"start":{"line":2,"column":16},"end":{"line":2,"column":49}},"2":{"start":{"line":5,"column":23},"end":{"line":17,"column":1}},"3":{"start":{"line":6,"column":54},"end":{"line":6,"column":62}},"4":{"start":{"line":7,"column":4},"end":{"line":16,"column":5}},"5":{"start":{"line":8,"column":8},"end":{"line":10,"column":9}},"6":{"start":{"line":9,"column":12},"end":{"line":9,"column":61}},"7":{"start":{"line":11,"column":27},"end":{"line":11,"column":79}},"8":{"start":{"line":12,"column":33},"end":{"line":12,"column":56}},"9":{"start":{"line":13,"column":8},"end":{"line":13,"column":47}},"10":{"start":{"line":15,"column":8},"end":{"line":15,"column":71}},"11":{"start":{"line":20,"column":26},"end":{"line":28,"column":1}},"12":{"start":{"line":21,"column":4},"end":{"line":26,"column":5}},"13":{"start":{"line":22,"column":24},"end":{"line":22,"column":68}},"14":{"start":{"line":23,"column":8},"end":{"line":23,"column":38}},"15":{"start":{"line":25,"column":8},"end":{"line":25,"column":54}},"16":{"start":{"line":31,"column":23},"end":{"line":46,"column":1}},"17":{"start":{"line":32,"column":19},"end":{"line":32,"column":29}},"18":{"start":{"line":33,"column":4},"end":{"line":33,"column":19}},"19":{"start":{"line":34,"column":4},"end":{"line":36,"column":5}},"20":{"start":{"line":35,"column":8},"end":{"line":35,"column":72}},"21":{"start":{"line":37,"column":4},"end":{"line":45,"column":5}},"22":{"start":{"line":38,"column":28},"end":{"line":38,"column":56}},"23":{"start":{"line":39,"column":8},"end":{"line":41,"column":9}},"24":{"start":{"line":40,"column":12},"end":{"line":40,"column":72}},"25":{"start":{"line":42,"column":8},"end":{"line":42,"column":42}},"26":{"start":{"line":44,"column":8},"end":{"line":44,"column":81}},"27":{"start":{"line":49,"column":26},"end":{"line":63,"column":1}},"28":{"start":{"line":50,"column":19},"end":{"line":50,"column":29}},"29":{"start":{"line":51,"column":4},"end":{"line":53,"column":5}},"30":{"start":{"line":52,"column":8},"end":{"line":52,"column":68}},"31":{"start":{"line":54,"column":4},"end":{"line":62,"column":5}},"32":{"start":{"line":55,"column":35},"end":{"line":55,"column":70}},"33":{"start":{"line":56,"column":8},"end":{"line":58,"column":9}},"34":{"start":{"line":57,"column":12},"end":{"line":57,"column":65}},"35":{"start":{"line":59,"column":8},"end":{"line":59,"column":84}},"36":{"start":{"line":61,"column":8},"end":{"line":61,"column":62}},"37":{"start":{"line":66,"column":26},"end":{"line":85,"column":1}},"38":{"start":{"line":67,"column":19},"end":{"line":67,"column":29}},"39":{"start":{"line":68,"column":4},"end":{"line":70,"column":5}},"40":{"start":{"line":69,"column":8},"end":{"line":69,"column":68}},"41":{"start":{"line":72,"column":4},"end":{"line":84,"column":5}},"42":{"start":{"line":73,"column":35},"end":{"line":77,"column":13}},"43":{"start":{"line":78,"column":8},"end":{"line":80,"column":9}},"44":{"start":{"line":79,"column":12},"end":{"line":79,"column":72}},"45":{"start":{"line":81,"column":8},"end":{"line":81,"column":48}},"46":{"start":{"line":83,"column":8},"end":{"line":83,"column":64}},"47":{"start":{"line":88,"column":0},"end":{"line":93,"column":7}}},"fnMap":{"0":{"name":"(anonymous_0)","decl":{"start":{"line":5,"column":23},"end":{"line":5,"column":24}},"loc":{"start":{"line":5,"column":42},"end":{"line":17,"column":1}},"line":5},"1":{"name":"(anonymous_1)","decl":{"start":{"line":20,"column":26},"end":{"line":20,"column":27}},"loc":{"start":{"line":20,"column":45},"end":{"line":28,"column":1}},"line":20},"2":{"name":"(anonymous_2)","decl":{"start":{"line":31,"column":23},"end":{"line":31,"column":24}},"loc":{"start":{"line":31,"column":42},"end":{"line":46,"column":1}},"line":31},"3":{"name":"(anonymous_3)","decl":{"start":{"line":49,"column":26},"end":{"line":49,"column":27}},"loc":{"start":{"line":49,"column":45},"end":{"line":63,"column":1}},"line":49},"4":{"name":"(anonymous_4)","decl":{"start":{"line":66,"column":26},"end":{"line":66,"column":27}},"loc":{"start":{"line":66,"column":45},"end":{"line":85,"column":1}},"line":66}},"branchMap":{"0":{"loc":{"start":{"line":8,"column":8},"end":{"line":10,"column":9}},"type":"if","locations":[{"start":{"line":8,"column":8},"end":{"line":10,"column":9}},{"start":{},"end":{}}],"line":8},"1":{"loc":{"start":{"line":8,"column":12},"end":{"line":8,"column":40}},"type":"binary-expr","locations":[{"start":{"line":8,"column":12},"end":{"line":8,"column":18}},{"start":{"line":8,"column":22},"end":{"line":8,"column":27}},{"start":{"line":8,"column":31},"end":{"line":8,"column":40}}],"line":8},"2":{"loc":{"start":{"line":34,"column":4},"end":{"line":36,"column":5}},"type":"if","locations":[{"start":{"line":34,"column":4},"end":{"line":36,"column":5}},{"start":{},"end":{}}],"line":34},"3":{"loc":{"start":{"line":39,"column":8},"end":{"line":41,"column":9}},"type":"if","locations":[{"start":{"line":39,"column":8},"end":{"line":41,"column":9}},{"start":{},"end":{}}],"line":39},"4":{"loc":{"start":{"line":51,"column":4},"end":{"line":53,"column":5}},"type":"if","locations":[{"start":{"line":51,"column":4},"end":{"line":53,"column":5}},{"start":{},"end":{}}],"line":51},"5":{"loc":{"start":{"line":56,"column":8},"end":{"line":58,"column":9}},"type":"if","locations":[{"start":{"line":56,"column":8},"end":{"line":58,"column":9}},{"start":{},"end":{}}],"line":56},"6":{"loc":{"start":{"line":68,"column":4},"end":{"line":70,"column":5}},"type":"if","locations":[{"start":{"line":68,"column":4},"end":{"line":70,"column":5}},{"start":{},"end":{}}],"line":68},"7":{"loc":{"start":{"line":78,"column":8},"end":{"line":80,"column":9}},"type":"if","locations":[{"start":{"line":78,"column":8},"end":{"line":80,"column":9}},{"start":{},"end":{}}],"line":78}},"s":{"0":1,"1":1,"2":1,"3":4,"4":4,"5":4,"6":0,"7":4,"8":4,"9":1,"10":3,"11":1,"12":1,"13":1,"14":1,"15":0,"16":1,"17":0,"18":0,"19":0,"20":0,"21":0,"22":0,"23":0,"24":0,"25":0,"26":0,"27":1,"28":0,"29":0,"30":0,"31":0,"32":0,"33":0,"34":0,"35":0,"36":0,"37":1,"38":0,"39":0,"40":0,"41":0,"42":0,"43":0,"44":0,"45":0,"46":0,"47":1},"f":{"0":4,"1":1,"2":0,"3":0,"4":0},"b":{"0":[0,4],"1":[4,4,4],"2":[0,0],"3":[0,0],"4":[0,0],"5":[0,0],"6":[0,0],"7":[0,0]},"_coverageSchema":"1a1c01bbd47fc00a2c39e90264f33305004495a9","hash":"ca4ee82b848c08bdc73c13280a280c93ff671f3c"}
,"C:\\Users\\mika1\\Desktop\\Mock Exam\\Backend\\controllers\\userController.js": {"path":"C:\\Users\\mika1\\Desktop\\Mock Exam\\Backend\\controllers\\userController.js","statementMap":{"0":{"start":{"line":1,"column":13},"end":{"line":1,"column":43}},"1":{"start":{"line":2,"column":12},"end":{"line":2,"column":35}},"2":{"start":{"line":4,"column":20},"end":{"line":6,"column":1}},"3":{"start":{"line":5,"column":4},"end":{"line":5,"column":74}},"4":{"start":{"line":8,"column":18},"end":{"line":18,"column":1}},"5":{"start":{"line":9,"column":32},"end":{"line":9,"column":40}},"6":{"start":{"line":11,"column":4},"end":{"line":17,"column":5}},"7":{"start":{"line":12,"column":21},"end":{"line":12,"column":54}},"8":{"start":{"line":13,"column":22},"end":{"line":13,"column":43}},"9":{"start":{"line":14,"column":8},"end":{"line":14,"column":47}},"10":{"start":{"line":16,"column":8},"end":{"line":16,"column":55}},"11":{"start":{"line":20,"column":19},"end":{"line":30,"column":1}},"12":{"start":{"line":21,"column":32},"end":{"line":21,"column":40}},"13":{"start":{"line":23,"column":4},"end":{"line":29,"column":5}},"14":{"start":{"line":24,"column":21},"end":{"line":24,"column":55}},"15":{"start":{"line":25,"column":22},"end":{"line":25,"column":45}},"16":{"start":{"line":26,"column":8},"end":{"line":26,"column":47}},"17":{"start":{"line":28,"column":8},"end":{"line":28,"column":55}},"18":{"start":{"line":32,"column":0},"end":{"line":32,"column":43}}},"fnMap":{"0":{"name":"(anonymous_0)","decl":{"start":{"line":4,"column":20},"end":{"line":4,"column":21}},"loc":{"start":{"line":4,"column":29},"end":{"line":6,"column":1}},"line":4},"1":{"name":"(anonymous_1)","decl":{"start":{"line":8,"column":18},"end":{"line":8,"column":19}},"loc":{"start":{"line":8,"column":37},"end":{"line":18,"column":1}},"line":8},"2":{"name":"(anonymous_2)","decl":{"start":{"line":20,"column":19},"end":{"line":20,"column":20}},"loc":{"start":{"line":20,"column":39},"end":{"line":30,"column":1}},"line":20}},"branchMap":{},"s":{"0":1,"1":1,"2":1,"3":1,"4":1,"5":0,"6":0,"7":0,"8":0,"9":0,"10":0,"11":1,"12":1,"13":1,"14":1,"15":1,"16":1,"17":0,"18":1},"f":{"0":1,"1":0,"2":1},"b":{},"_coverageSchema":"1a1c01bbd47fc00a2c39e90264f33305004495a9","hash":"480d7ed10d0dbe75a8f3e8c47a1bdf5edb632594"}
,"C:\\Users\\mika1\\Desktop\\Mock Exam\\Backend\\middleware\\middleware.js": {"path":"C:\\Users\\mika1\\Desktop\\Mock Exam\\Backend\\middleware\\middleware.js","statementMap":{"0":{"start":{"line":1,"column":22},"end":{"line":7,"column":1}},"1":{"start":{"line":2,"column":4},"end":{"line":2,"column":43}},"2":{"start":{"line":3,"column":4},"end":{"line":3,"column":41}},"3":{"start":{"line":4,"column":4},"end":{"line":4,"column":41}},"4":{"start":{"line":5,"column":4},"end":{"line":5,"column":23}},"5":{"start":{"line":6,"column":4},"end":{"line":6,"column":11}},"6":{"start":{"line":9,"column":24},"end":{"line":11,"column":1}},"7":{"start":{"line":10,"column":4},"end":{"line":10,"column":61}},"8":{"start":{"line":13,"column":21},"end":{"line":20,"column":1}},"9":{"start":{"line":14,"column":4},"end":{"line":14,"column":33}},"10":{"start":{"line":16,"column":4},"end":{"line":16,"column":25}},"11":{"start":{"line":17,"column":4},"end":{"line":19,"column":7}},"12":{"start":{"line":22,"column":0},"end":{"line":26,"column":2}}},"fnMap":{"0":{"name":"(anonymous_0)","decl":{"start":{"line":1,"column":22},"end":{"line":1,"column":23}},"loc":{"start":{"line":1,"column":51},"end":{"line":7,"column":1}},"line":1},"1":{"name":"(anonymous_1)","decl":{"start":{"line":9,"column":24},"end":{"line":9,"column":25}},"loc":{"start":{"line":9,"column":47},"end":{"line":11,"column":1}},"line":9},"2":{"name":"(anonymous_2)","decl":{"start":{"line":13,"column":21},"end":{"line":13,"column":22}},"loc":{"start":{"line":13,"column":57},"end":{"line":20,"column":1}},"line":13}},"branchMap":{},"s":{"0":1,"1":6,"2":6,"3":6,"4":6,"5":6,"6":1,"7":0,"8":1,"9":0,"10":0,"11":0,"12":1},"f":{"0":6,"1":0,"2":0},"b":{},"_coverageSchema":"1a1c01bbd47fc00a2c39e90264f33305004495a9","hash":"73bea7f7f7bd08f9089ad5337e8b3a12f1560e83"}
,"C:\\Users\\mika1\\Desktop\\Mock Exam\\Backend\\middleware\\requireAuth.js": {"path":"C:\\Users\\mika1\\Desktop\\Mock Exam\\Backend\\middleware\\requireAuth.js","statementMap":{"0":{"start":{"line":1,"column":12},"end":{"line":1,"column":35}},"1":{"start":{"line":2,"column":13},"end":{"line":2,"column":43}},"2":{"start":{"line":4,"column":20},"end":{"line":24,"column":1}},"3":{"start":{"line":6,"column":31},"end":{"line":6,"column":42}},"4":{"start":{"line":8,"column":5},"end":{"line":10,"column":6}},"5":{"start":{"line":9,"column":7},"end":{"line":9,"column":78}},"6":{"start":{"line":12,"column":19},"end":{"line":12,"column":46}},"7":{"start":{"line":14,"column":5},"end":{"line":23,"column":6}},"8":{"start":{"line":15,"column":23},"end":{"line":15,"column":64}},"9":{"start":{"line":17,"column":7},"end":{"line":17,"column":60}},"10":{"start":{"line":18,"column":7},"end":{"line":18,"column":65}},"11":{"start":{"line":19,"column":7},"end":{"line":19,"column":14}},"12":{"start":{"line":21,"column":7},"end":{"line":21,"column":26}},"13":{"start":{"line":22,"column":7},"end":{"line":22,"column":68}},"14":{"start":{"line":26,"column":0},"end":{"line":26,"column":33}}},"fnMap":{"0":{"name":"(anonymous_0)","decl":{"start":{"line":4,"column":20},"end":{"line":4,"column":21}},"loc":{"start":{"line":4,"column":46},"end":{"line":24,"column":1}},"line":4}},"branchMap":{"0":{"loc":{"start":{"line":8,"column":5},"end":{"line":10,"column":6}},"type":"if","locations":[{"start":{"line":8,"column":5},"end":{"line":10,"column":6}},{"start":{},"end":{}}],"line":8}},"s":{"0":1,"1":1,"2":1,"3":5,"4":5,"5":0,"6":5,"7":5,"8":5,"9":5,"10":5,"11":5,"12":0,"13":0,"14":1},"f":{"0":5},"b":{"0":[0,5]},"_coverageSchema":"1a1c01bbd47fc00a2c39e90264f33305004495a9","hash":"341158f8b40da9f6160ec880c3b89694bb2d8c5f"}
,"C:\\Users\\mika1\\Desktop\\Mock Exam\\Backend\\models\\fitnessModel.js": {"path":"C:\\Users\\mika1\\Desktop\\Mock Exam\\Backend\\models\\fitnessModel.js","statementMap":{"0":{"start":{"line":1,"column":17},"end":{"line":1,"column":36}},"1":{"start":{"line":2,"column":15},"end":{"line":2,"column":30}},"2":{"start":{"line":4,"column":22},"end":{"line":20,"column":2}},"3":{"start":{"line":22,"column":0},"end":{"line":22,"column":58}}},"fnMap":{},"branchMap":{},"s":{"0":1,"1":1,"2":1,"3":1},"f":{},"b":{},"_coverageSchema":"1a1c01bbd47fc00a2c39e90264f33305004495a9","hash":"6fd69855c05bee61064bdf0f119e5f486351c2a9"}
,"C:\\Users\\mika1\\Desktop\\Mock Exam\\Backend\\models\\userModel.js": {"path":"C:\\Users\\mika1\\Desktop\\Mock Exam\\Backend\\models\\userModel.js","statementMap":{"0":{"start":{"line":1,"column":17},"end":{"line":1,"column":36}},"1":{"start":{"line":2,"column":15},"end":{"line":2,"column":32}},"2":{"start":{"line":3,"column":18},"end":{"line":3,"column":38}},"3":{"start":{"line":4,"column":15},"end":{"line":4,"column":30}},"4":{"start":{"line":6,"column":19},"end":{"line":16,"column":2}},"5":{"start":{"line":18,"column":0},"end":{"line":43,"column":2}},"6":{"start":{"line":20,"column":4},"end":{"line":22,"column":5}},"7":{"start":{"line":21,"column":8},"end":{"line":21,"column":48}},"8":{"start":{"line":23,"column":4},"end":{"line":25,"column":5}},"9":{"start":{"line":24,"column":8},"end":{"line":24,"column":39}},"10":{"start":{"line":26,"column":4},"end":{"line":28,"column":5}},"11":{"start":{"line":27,"column":8},"end":{"line":27,"column":60}},"12":{"start":{"line":31,"column":19},"end":{"line":31,"column":47}},"13":{"start":{"line":32,"column":4},"end":{"line":34,"column":5}},"14":{"start":{"line":33,"column":8},"end":{"line":33,"column":62}},"15":{"start":{"line":37,"column":17},"end":{"line":37,"column":41}},"16":{"start":{"line":38,"column":17},"end":{"line":38,"column":50}},"17":{"start":{"line":40,"column":17},"end":{"line":40,"column":60}},"18":{"start":{"line":42,"column":4},"end":{"line":42,"column":16}},"19":{"start":{"line":45,"column":0},"end":{"line":64,"column":2}},"20":{"start":{"line":47,"column":4},"end":{"line":49,"column":5}},"21":{"start":{"line":48,"column":8},"end":{"line":48,"column":48}},"22":{"start":{"line":52,"column":17},"end":{"line":52,"column":46}},"23":{"start":{"line":53,"column":4},"end":{"line":55,"column":5}},"24":{"start":{"line":54,"column":8},"end":{"line":54,"column":36}},"25":{"start":{"line":58,"column":18},"end":{"line":58,"column":63}},"26":{"start":{"line":59,"column":4},"end":{"line":61,"column":5}},"27":{"start":{"line":60,"column":8},"end":{"line":60,"column":39}},"28":{"start":{"line":63,"column":4},"end":{"line":63,"column":16}},"29":{"start":{"line":66,"column":0},"end":{"line":66,"column":52}}},"fnMap":{"0":{"name":"(anonymous_0)","decl":{"start":{"line":18,"column":28},"end":{"line":18,"column":29}},"loc":{"start":{"line":18,"column":61},"end":{"line":43,"column":1}},"line":18},"1":{"name":"(anonymous_1)","decl":{"start":{"line":45,"column":27},"end":{"line":45,"column":28}},"loc":{"start":{"line":45,"column":60},"end":{"line":64,"column":1}},"line":45}},"branchMap":{"0":{"loc":{"start":{"line":20,"column":4},"end":{"line":22,"column":5}},"type":"if","locations":[{"start":{"line":20,"column":4},"end":{"line":22,"column":5}},{"start":{},"end":{}}],"line":20},"1":{"loc":{"start":{"line":20,"column":8},"end":{"line":20,"column":27}},"type":"binary-expr","locations":[{"start":{"line":20,"column":8},"end":{"line":20,"column":14}},{"start":{"line":20,"column":18},"end":{"line":20,"column":27}}],"line":20},"2":{"loc":{"start":{"line":23,"column":4},"end":{"line":25,"column":5}},"type":"if","locations":[{"start":{"line":23,"column":4},"end":{"line":25,"column":5}},{"start":{},"end":{}}],"line":23},"3":{"loc":{"start":{"line":26,"column":4},"end":{"line":28,"column":5}},"type":"if","locations":[{"start":{"line":26,"column":4},"end":{"line":28,"column":5}},{"start":{},"end":{}}],"line":26},"4":{"loc":{"start":{"line":32,"column":4},"end":{"line":34,"column":5}},"type":"if","locations":[{"start":{"line":32,"column":4},"end":{"line":34,"column":5}},{"start":{},"end":{}}],"line":32},"5":{"loc":{"start":{"line":47,"column":4},"end":{"line":49,"column":5}},"type":"if","locations":[{"start":{"line":47,"column":4},"end":{"line":49,"column":5}},{"start":{},"end":{}}],"line":47},"6":{"loc":{"start":{"line":47,"column":8},"end":{"line":47,"column":27}},"type":"binary-expr","locations":[{"start":{"line":47,"column":8},"end":{"line":47,"column":14}},{"start":{"line":47,"column":18},"end":{"line":47,"column":27}}],"line":47},"7":{"loc":{"start":{"line":53,"column":4},"end":{"line":55,"column":5}},"type":"if","locations":[{"start":{"line":53,"column":4},"end":{"line":55,"column":5}},{"start":{},"end":{}}],"line":53},"8":{"loc":{"start":{"line":59,"column":4},"end":{"line":61,"column":5}},"type":"if","locations":[{"start":{"line":59,"column":4},"end":{"line":61,"column":5}},{"start":{},"end":{}}],"line":59}},"s":{"0":1,"1":1,"2":1,"3":1,"4":1,"5":1,"6":1,"7":0,"8":1,"9":0,"10":1,"11":0,"12":1,"13":1,"14":0,"15":1,"16":1,"17":1,"18":1,"19":1,"20":0,"21":0,"22":0,"23":0,"24":0,"25":0,"26":0,"27":0,"28":0,"29":1},"f":{"0":1,"1":0},"b":{"0":[0,1],"1":[1,1],"2":[0,1],"3":[0,1],"4":[0,1],"5":[0,0],"6":[0,0],"7":[0,0],"8":[0,0]},"_coverageSchema":"1a1c01bbd47fc00a2c39e90264f33305004495a9","hash":"8fabebc259b1a0818142bb4ab0d2c037494331b1"}
,"C:\\Users\\mika1\\Desktop\\Mock Exam\\Backend\\routers\\fitnessRoute.js": {"path":"C:\\Users\\mika1\\Desktop\\Mock Exam\\Backend\\routers\\fitnessRoute.js","statementMap":{"0":{"start":{"line":1,"column":16},"end":{"line":1,"column":34}},"1":{"start":{"line":2,"column":15},"end":{"line":2,"column":31}},"2":{"start":{"line":3,"column":24},"end":{"line":3,"column":60}},"3":{"start":{"line":4,"column":100},"end":{"line":4,"column":143}},"4":{"start":{"line":7,"column":0},"end":{"line":7,"column":24}},"5":{"start":{"line":10,"column":0},"end":{"line":10,"column":33}},"6":{"start":{"line":13,"column":0},"end":{"line":13,"column":35}},"7":{"start":{"line":16,"column":0},"end":{"line":16,"column":35}},"8":{"start":{"line":19,"column":0},"end":{"line":19,"column":41}},"9":{"start":{"line":22,"column":0},"end":{"line":22,"column":38}},"10":{"start":{"line":24,"column":0},"end":{"line":24,"column":24}}},"fnMap":{},"branchMap":{},"s":{"0":1,"1":1,"2":1,"3":1,"4":1,"5":1,"6":1,"7":1,"8":1,"9":1,"10":1},"f":{},"b":{},"_coverageSchema":"1a1c01bbd47fc00a2c39e90264f33305004495a9","hash":"80878748055024f0fa3f1bbd98291f4672d6eaea"}
,"C:\\Users\\mika1\\Desktop\\Mock Exam\\Backend\\routers\\userRoute.js": {"path":"C:\\Users\\mika1\\Desktop\\Mock Exam\\Backend\\routers\\userRoute.js","statementMap":{"0":{"start":{"line":1,"column":16},"end":{"line":1,"column":34}},"1":{"start":{"line":2,"column":15},"end":{"line":2,"column":31}},"2":{"start":{"line":3,"column":34},"end":{"line":3,"column":74}},"3":{"start":{"line":8,"column":0},"end":{"line":8,"column":33}},"4":{"start":{"line":11,"column":0},"end":{"line":11,"column":35}},"5":{"start":{"line":13,"column":0},"end":{"line":13,"column":24}}},"fnMap":{},"branchMap":{},"s":{"0":1,"1":1,"2":1,"3":1,"4":1,"5":1},"f":{},"b":{},"_coverageSchema":"1a1c01bbd47fc00a2c39e90264f33305004495a9","hash":"7b5f0d3bff08754056e60482ef515ef146b42358"}
}
